<?xml version="1.0" encoding="UTF-8"?>
<testng-results skipped="0" failed="0" ignored="0" total="2" passed="2">
  <reporter-output>
  </reporter-output>
  <suite name="Default suite" duration-ms="151178" started-at="2019-02-12T17:13:58Z" finished-at="2019-02-12T17:16:29Z">
    <groups>
    </groups>
    <test name="Default test" duration-ms="151178" started-at="2019-02-12T17:13:58Z" finished-at="2019-02-12T17:16:29Z">
      <class name="TestSpotify.TestSpotify.AdminList">
        <test-method status="PASS" signature="SetearDriver()[pri:1, instance:TestSpotify.TestSpotify.AdminList@d2cc05a]" name="SetearDriver" duration-ms="10183" started-at="2019-02-12T14:13:58Z" finished-at="2019-02-12T14:14:08Z">
          <reporter-output>
          </reporter-output>
        </test-method> <!-- SetearDriver -->
        <test-method status="PASS" signature="LoginSpotify()[pri:2, instance:TestSpotify.TestSpotify.AdminList@d2cc05a]" name="LoginSpotify" duration-ms="140970" started-at="2019-02-12T14:14:08Z" finished-at="2019-02-12T14:16:29Z">
          <reporter-output>
          </reporter-output>
        </test-method> <!-- LoginSpotify -->
      </class> <!-- TestSpotify.TestSpotify.AdminList -->
    </test> <!-- Default test -->
  </suite> <!-- Default suite -->
</testng-results>
